<?xml version="1.0" ?>
<testsuites errors="0" failures="0" name="ABLUnit" tests="31"><testsuite classname="testCard" errors="0" failures="0" id="1" name="C:\Users\zdelcoco\pdsoe_125_workspaces\Cover_Your_Assets\TestCoverYourAssets\tests/testCard.cls" skipped="0" tests="3" time=".011"><properties><property name="proversion" value="12.5.0.0.1175"/><property name="process-architecture" value="64"/><property name="opsys" value="WIN32"/><property name="window-system" value="MS-WINXP"/><property name="cpinternal" value="1252"/><property name="startup-parameters" value="-pf C:\DLC\12.5\startup.pf,-cpinternal 1252,-cpstream 1252,-cpcoll Basic,-cpcase Basic,-d mdy,-numsep 44,-numdec 46,(end .pf),-nosplash,-p C:\Users\zdelcoco\oeide_125\oeide\eclipse\plugins\com.openedge.pdt.debug.core_12.5.0.00\abl\_debuglauncher.p"/></properties><testcase classname="testCard" name="blankCardExists" status="Success" time="0"/><testcase classname="testCard" name="cardNamesAreEqual" status="Success" time=".001"/><testcase classname="testCard" name="goldCardTypeIsWild" status="Success" time="0"/></testsuite><testsuite classname="testCardDeck" errors="0" failures="0" id="5" name="C:\Users\zdelcoco\pdsoe_125_workspaces\Cover_Your_Assets\TestCoverYourAssets\tests/testCardDeck.cls" skipped="0" tests="16" time="1.937"><properties><property name="proversion" value="12.5.0.0.1175"/><property name="process-architecture" value="64"/><property name="opsys" value="WIN32"/><property name="window-system" value="MS-WINXP"/><property name="cpinternal" value="1252"/><property name="startup-parameters" value="-pf C:\DLC\12.5\startup.pf,-cpinternal 1252,-cpstream 1252,-cpcoll Basic,-cpcase Basic,-d mdy,-numsep 44,-numdec 46,(end .pf),-nosplash,-p C:\Users\zdelcoco\oeide_125\oeide\eclipse\plugins\com.openedge.pdt.debug.core_12.5.0.00\abl\_debuglauncher.p"/></properties><testcase classname="testCardDeck" name="cardDeckObjectExists" status="Success" time=".05"/><testcase classname="testCardDeck" name="emptyCardDeckExists" status="Success" time=".036"/><testcase classname="testCardDeck" name="fillCardDeck" status="Success" time=".033"/><testcase classname="testCardDeck" name="oneHundredTenCardsInDeck" status="Success" time=".043"/><testcase classname="testCardDeck" name="tenPiggyBankCards" status="Success" time=".045"/><testcase classname="testCardDeck" name="tenStampCollectionCards" status="Success" time=".04"/><testcase classname="testCardDeck" name="eightSilverCards" status="Success" time=".038"/><testcase classname="testCardDeck" name="fourGoldCards" status="Success" time=".037"/><testcase classname="testCardDeck" name="homeIsWorth20000" status="Success" time=".043"/><testcase classname="testCardDeck" name="silverIsWorth25000" status="Success" time=".044"/><testcase classname="testCardDeck" name="goldIsWorth50000" status="Success" time=".036"/><testcase classname="testCardDeck" name="dealCard" status="Success" time=".034"/><testcase classname="testCardDeck" name="oneHundredNineCardsAfterDealingOne" status="Success" time=".034"/><testcase classname="testCardDeck" name="dealReturnsNullAfterDealingFullDeck" status="Success" time=".035"/><testcase classname="testCardDeck" name="canShuffle" status="Success" time=".691"/><testcase classname="testCardDeck" name="cardsAreOutOfOrderAfterShuffle" status="Success" time=".645"/></testsuite><testsuite classname="testGame" errors="0" failures="0" id="22" name="C:\Users\zdelcoco\pdsoe_125_workspaces\Cover_Your_Assets\TestCoverYourAssets\tests/testGame.cls" skipped="0" tests="1" time=".007"><properties><property name="proversion" value="12.5.0.0.1175"/><property name="process-architecture" value="64"/><property name="opsys" value="WIN32"/><property name="window-system" value="MS-WINXP"/><property name="cpinternal" value="1252"/><property name="startup-parameters" value="-pf C:\DLC\12.5\startup.pf,-cpinternal 1252,-cpstream 1252,-cpcoll Basic,-cpcase Basic,-d mdy,-numsep 44,-numdec 46,(end .pf),-nosplash,-p C:\Users\zdelcoco\oeide_125\oeide\eclipse\plugins\com.openedge.pdt.debug.core_12.5.0.00\abl\_debuglauncher.p"/></properties><testcase classname="testGame" name="gameExists" status="Success" time=".001"/></testsuite><testsuite classname="testHand" errors="0" failures="0" id="24" name="C:\Users\zdelcoco\pdsoe_125_workspaces\Cover_Your_Assets\TestCoverYourAssets\tests/testHand.cls" skipped="0" tests="11" time="6.198"><properties><property name="proversion" value="12.5.0.0.1175"/><property name="process-architecture" value="64"/><property name="opsys" value="WIN32"/><property name="window-system" value="MS-WINXP"/><property name="cpinternal" value="1252"/><property name="startup-parameters" value="-pf C:\DLC\12.5\startup.pf,-cpinternal 1252,-cpstream 1252,-cpcoll Basic,-cpcase Basic,-d mdy,-numsep 44,-numdec 46,(end .pf),-nosplash,-p C:\Users\zdelcoco\oeide_125\oeide\eclipse\plugins\com.openedge.pdt.debug.core_12.5.0.00\abl\_debuglauncher.p"/></properties><testcase classname="testHand" name="handExists" status="Success" time=".003"/><testcase classname="testHand" name="emptyHandExists" status="Success" time=".003"/><testcase classname="testHand" name="canDiscardUsingIntegerParam" status="Success" time=".658"/><testcase classname="testHand" name="emptyCardInHandAfterDiscardUsingIntegerParam" status="Success" time=".684"/><testcase classname="testHand" name="cannotDiscardEmptyCardUsingIntegerParam" status="Success" time=".642"/><testcase classname="testHand" name="canDiscardUsingObjectParam" status="Success" time=".655"/><testcase classname="testHand" name="emptyCardInHandAfterDiscardUsingObjectParam" status="Success" time=".654"/><testcase classname="testHand" name="cannotDiscardEmptyCardUsingObjectParam" status="Success" time=".657"/><testcase classname="testHand" name="getNumCards" status="Success" time=".704"/><testcase classname="testHand" name="getNumCardsAfterDiscard" status="Success" time=".824"/><testcase classname="testHand" name="zeroCardsAfterDiscardingAll" status="Success" time=".681"/></testsuite></testsuites>