<?xml version="1.0" ?>
<testsuites errors="0" failures="0" name="ABLUnit" tests="42"><testsuite classname="testAsset" errors="0" failures="0" id="1" name="C:\Users\zdelcoco\pdsoe_125_workspaces\Cover_Your_Assets\TestCoverYourAssets\tests/testAsset.cls" skipped="0" tests="2" time=".076"><properties><property name="proversion" value="12.5.0.0.1175"/><property name="process-architecture" value="64"/><property name="opsys" value="WIN32"/><property name="window-system" value="MS-WINXP"/><property name="cpinternal" value="1252"/><property name="startup-parameters" value="-pf C:\DLC\12.5\startup.pf,-cpinternal 1252,-cpstream 1252,-cpcoll Basic,-cpcase Basic,-d mdy,-numsep 44,-numdec 46,(end .pf),-nosplash,-p C:\Users\zdelcoco\oeide_125\oeide\eclipse\plugins\com.openedge.pdt.debug.core_12.5.0.00\abl\_debuglauncher.p"/></properties><testcase classname="testAsset" name="emptyStack" status="Success" time=".002"/><testcase classname="testAsset" name="addStack" status="Success" time=".067"/></testsuite><testsuite classname="testCard" errors="0" failures="0" id="4" name="C:\Users\zdelcoco\pdsoe_125_workspaces\Cover_Your_Assets\TestCoverYourAssets\tests/testCard.cls" skipped="0" tests="3" time=".008"><properties><property name="proversion" value="12.5.0.0.1175"/><property name="process-architecture" value="64"/><property name="opsys" value="WIN32"/><property name="window-system" value="MS-WINXP"/><property name="cpinternal" value="1252"/><property name="startup-parameters" value="-pf C:\DLC\12.5\startup.pf,-cpinternal 1252,-cpstream 1252,-cpcoll Basic,-cpcase Basic,-d mdy,-numsep 44,-numdec 46,(end .pf),-nosplash,-p C:\Users\zdelcoco\oeide_125\oeide\eclipse\plugins\com.openedge.pdt.debug.core_12.5.0.00\abl\_debuglauncher.p"/></properties><testcase classname="testCard" name="blankCardExists" status="Success" time="0"/><testcase classname="testCard" name="cardNamesAreEqual" status="Success" time="0"/><testcase classname="testCard" name="goldCardTypeIsWild" status="Success" time="0"/></testsuite><testsuite classname="testCardDeck" errors="0" failures="0" id="8" name="C:\Users\zdelcoco\pdsoe_125_workspaces\Cover_Your_Assets\TestCoverYourAssets\tests/testCardDeck.cls" skipped="0" tests="16" time="1.91"><properties><property name="proversion" value="12.5.0.0.1175"/><property name="process-architecture" value="64"/><property name="opsys" value="WIN32"/><property name="window-system" value="MS-WINXP"/><property name="cpinternal" value="1252"/><property name="startup-parameters" value="-pf C:\DLC\12.5\startup.pf,-cpinternal 1252,-cpstream 1252,-cpcoll Basic,-cpcase Basic,-d mdy,-numsep 44,-numdec 46,(end .pf),-nosplash,-p C:\Users\zdelcoco\oeide_125\oeide\eclipse\plugins\com.openedge.pdt.debug.core_12.5.0.00\abl\_debuglauncher.p"/></properties><testcase classname="testCardDeck" name="cardDeckObjectExists" status="Success" time=".07"/><testcase classname="testCardDeck" name="emptyCardDeckExists" status="Success" time=".067"/><testcase classname="testCardDeck" name="fillCardDeck" status="Success" time=".069"/><testcase classname="testCardDeck" name="oneHundredTenCardsInDeck" status="Success" time=".075"/><testcase classname="testCardDeck" name="tenPiggyBankCards" status="Success" time=".065"/><testcase classname="testCardDeck" name="tenStampCollectionCards" status="Success" time=".063"/><testcase classname="testCardDeck" name="eightSilverCards" status="Success" time=".062"/><testcase classname="testCardDeck" name="fourGoldCards" status="Success" time=".073"/><testcase classname="testCardDeck" name="homeIsWorth20000" status="Success" time=".065"/><testcase classname="testCardDeck" name="silverIsWorth25000" status="Success" time=".084"/><testcase classname="testCardDeck" name="goldIsWorth50000" status="Success" time=".062"/><testcase classname="testCardDeck" name="dealCard" status="Success" time=".063"/><testcase classname="testCardDeck" name="oneHundredNineCardsAfterDealingOne" status="Success" time=".063"/><testcase classname="testCardDeck" name="dealReturnsNullAfterDealingFullDeck" status="Success" time=".065"/><testcase classname="testCardDeck" name="canShuffle" status="Success" time=".489"/><testcase classname="testCardDeck" name="cardsAreOutOfOrderAfterShuffle" status="Success" time=".436"/></testsuite><testsuite classname="testCardPile" errors="0" failures="0" id="25" name="C:\Users\zdelcoco\pdsoe_125_workspaces\Cover_Your_Assets\TestCoverYourAssets\tests/testCardPile.cls" skipped="0" tests="3" time=".038"><properties><property name="proversion" value="12.5.0.0.1175"/><property name="process-architecture" value="64"/><property name="opsys" value="WIN32"/><property name="window-system" value="MS-WINXP"/><property name="cpinternal" value="1252"/><property name="startup-parameters" value="-pf C:\DLC\12.5\startup.pf,-cpinternal 1252,-cpstream 1252,-cpcoll Basic,-cpcase Basic,-d mdy,-numsep 44,-numdec 46,(end .pf),-nosplash,-p C:\Users\zdelcoco\oeide_125\oeide\eclipse\plugins\com.openedge.pdt.debug.core_12.5.0.00\abl\_debuglauncher.p"/></properties><testcase classname="testCardPile" name="cardPileExists" status="Success" time=".001"/><testcase classname="testCardPile" name="createPileWithOneCard" status="Success" time=".002"/><testcase classname="testCardPile" name="createPileWithOneHundredCards" status="Success" time=".028"/></testsuite><testsuite classname="testDiscardPile" errors="0" failures="0" id="29" name="C:\Users\zdelcoco\pdsoe_125_workspaces\Cover_Your_Assets\TestCoverYourAssets\tests/testDiscardPile.cls" skipped="0" tests="4" time=".584"><properties><property name="proversion" value="12.5.0.0.1175"/><property name="process-architecture" value="64"/><property name="opsys" value="WIN32"/><property name="window-system" value="MS-WINXP"/><property name="cpinternal" value="1252"/><property name="startup-parameters" value="-pf C:\DLC\12.5\startup.pf,-cpinternal 1252,-cpstream 1252,-cpcoll Basic,-cpcase Basic,-d mdy,-numsep 44,-numdec 46,(end .pf),-nosplash,-p C:\Users\zdelcoco\oeide_125\oeide\eclipse\plugins\com.openedge.pdt.debug.core_12.5.0.00\abl\_debuglauncher.p"/></properties><testcase classname="testDiscardPile" name="emptyDiscardPileExists" status="Success" time=".032"/><testcase classname="testDiscardPile" name="addCardToDiscardPile" status="Success" time=".041"/><testcase classname="testDiscardPile" name="removeCardFromDiscardPile" status="Success" time=".033"/><testcase classname="testDiscardPile" name="discardEntireHand" status="Success" time=".468"/></testsuite><testsuite classname="testGame" errors="0" failures="0" id="34" name="C:\Users\zdelcoco\pdsoe_125_workspaces\Cover_Your_Assets\TestCoverYourAssets\tests/testGame.cls" skipped="0" tests="1" time=".003"><properties><property name="proversion" value="12.5.0.0.1175"/><property name="process-architecture" value="64"/><property name="opsys" value="WIN32"/><property name="window-system" value="MS-WINXP"/><property name="cpinternal" value="1252"/><property name="startup-parameters" value="-pf C:\DLC\12.5\startup.pf,-cpinternal 1252,-cpstream 1252,-cpcoll Basic,-cpcase Basic,-d mdy,-numsep 44,-numdec 46,(end .pf),-nosplash,-p C:\Users\zdelcoco\oeide_125\oeide\eclipse\plugins\com.openedge.pdt.debug.core_12.5.0.00\abl\_debuglauncher.p"/></properties><testcase classname="testGame" name="gameExists" status="Success" time="0"/></testsuite><testsuite classname="testHand" errors="0" failures="0" id="36" name="C:\Users\zdelcoco\pdsoe_125_workspaces\Cover_Your_Assets\TestCoverYourAssets\tests/testHand.cls" skipped="0" tests="11" time="4.042"><properties><property name="proversion" value="12.5.0.0.1175"/><property name="process-architecture" value="64"/><property name="opsys" value="WIN32"/><property name="window-system" value="MS-WINXP"/><property name="cpinternal" value="1252"/><property name="startup-parameters" value="-pf C:\DLC\12.5\startup.pf,-cpinternal 1252,-cpstream 1252,-cpcoll Basic,-cpcase Basic,-d mdy,-numsep 44,-numdec 46,(end .pf),-nosplash,-p C:\Users\zdelcoco\oeide_125\oeide\eclipse\plugins\com.openedge.pdt.debug.core_12.5.0.00\abl\_debuglauncher.p"/></properties><testcase classname="testHand" name="handExists" status="Success" time=".003"/><testcase classname="testHand" name="emptyHandExists" status="Success" time=".002"/><testcase classname="testHand" name="canDiscardUsingIntegerParam" status="Success" time=".428"/><testcase classname="testHand" name="emptyCardInHandAfterDiscardUsingIntegerParam" status="Success" time=".428"/><testcase classname="testHand" name="cannotDiscardEmptyCardUsingIntegerParam" status="Success" time=".448"/><testcase classname="testHand" name="canDiscardUsingObjectParam" status="Success" time=".457"/><testcase classname="testHand" name="emptyCardInHandAfterDiscardUsingObjectParam" status="Success" time=".439"/><testcase classname="testHand" name="cannotDiscardEmptyCardUsingObjectParam" status="Success" time=".448"/><testcase classname="testHand" name="getNumCards" status="Success" time=".46"/><testcase classname="testHand" name="getNumCardsAfterDiscard" status="Success" time=".437"/><testcase classname="testHand" name="zeroCardsAfterDiscardingAll" status="Success" time=".467"/></testsuite><testsuite classname="testPlayer" errors="0" failures="0" id="48" name="C:\Users\zdelcoco\pdsoe_125_workspaces\Cover_Your_Assets\TestCoverYourAssets\tests/testPlayer.cls" skipped="0" tests="2" time=".148"><properties><property name="proversion" value="12.5.0.0.1175"/><property name="process-architecture" value="64"/><property name="opsys" value="WIN32"/><property name="window-system" value="MS-WINXP"/><property name="cpinternal" value="1252"/><property name="startup-parameters" value="-pf C:\DLC\12.5\startup.pf,-cpinternal 1252,-cpstream 1252,-cpcoll Basic,-cpcase Basic,-d mdy,-numsep 44,-numdec 46,(end .pf),-nosplash,-p C:\Users\zdelcoco\oeide_125\oeide\eclipse\plugins\com.openedge.pdt.debug.core_12.5.0.00\abl\_debuglauncher.p"/></properties><testcase classname="testPlayer" name="playerExists" status="Success" time=".074"/><testcase classname="testPlayer" name="playerNameGetsCapitalized" status="Success" time=".067"/></testsuite></testsuites>