!SESSION 2022-06-14 08:41:24.833 -----------------------------------------------
eclipse.buildId=4.13.0.I20190916-1045
java.version=11.0.8
java.vendor=AdoptOpenJDK
BootLoader constants: OS=win32, ARCH=x86_64, WS=win32, NL=en_US
Command-line arguments:  -os win32 -ws win32 -arch x86_64

!ENTRY com.openedge.pdt.platform 4 0 2022-06-14 08:41:42.405
!MESSAGE {Module: OEIDE, SubModule: com.openedge.pdt.platform.ProversionImpl} - Unable to validate the OpenEdge installation path: C:\DLC\11.7.

!ENTRY com.openedge.pdt.platform 1 0 2022-06-14 08:41:42.414
!MESSAGE {Module: OEIDE, SubModule: com.openedge.pdt.platform.ProversionImpl} - No action was needed while validating the OpenEdge installation path: C:\DLC\12.5. 

!ENTRY com.openedge.pdt.platform 4 0 2022-06-14 08:42:44.917
!MESSAGE {Module: OEIDE, SubModule: com.openedge.core.util.DButil} - Unable to validate the OpenEdge installation path: C:\DLC\11.7.

!ENTRY org.eclipse.ui 2 2 2022-06-14 08:43:49.957
!MESSAGE com.openedge.pdt.text.views.ClassBrowserView: Deprecated relationship "fast" should be converted to "stack".
!SESSION 2022-06-14 09:43:47.899 -----------------------------------------------
eclipse.buildId=4.13.0.I20190916-1045
java.version=11.0.8
java.vendor=AdoptOpenJDK
BootLoader constants: OS=win32, ARCH=x86_64, WS=win32, NL=en_US
Command-line arguments:  -data C:\Users\zdelcoco\pdsoe_125_workspaces\cover_your_assets -os win32 -ws win32 -arch x86_64

!ENTRY com.openedge.pdt.platform 4 0 2022-06-14 09:43:54.038
!MESSAGE {Module: OEIDE, SubModule: com.openedge.pdt.platform.ProversionImpl} - Unable to validate the OpenEdge installation path: C:\DLC\11.7.

!ENTRY com.openedge.pdt.platform 1 0 2022-06-14 09:43:54.047
!MESSAGE {Module: OEIDE, SubModule: com.openedge.pdt.platform.ProversionImpl} - No action was needed while validating the OpenEdge installation path: C:\DLC\12.5. 

!ENTRY com.openedge.pdt.platform 4 0 2022-06-14 09:43:56.202
!MESSAGE {Module: OEIDE, SubModule: com.openedge.core.util.DButil} - Unable to validate the OpenEdge installation path: C:\DLC\11.7.
!SESSION 2022-06-15 13:45:46.969 -----------------------------------------------
eclipse.buildId=4.13.0.I20190916-1045
java.version=11.0.8
java.vendor=AdoptOpenJDK
BootLoader constants: OS=win32, ARCH=x86_64, WS=win32, NL=en_US
Command-line arguments:  -data C:\Users\zdelcoco\pdsoe_125_workspaces\cover_your_assets -os win32 -ws win32 -arch x86_64

!ENTRY com.openedge.pdt.platform 4 0 2022-06-15 13:45:52.857
!MESSAGE {Module: OEIDE, SubModule: com.openedge.pdt.platform.ProversionImpl} - Unable to validate the OpenEdge installation path: C:\DLC\11.7.

!ENTRY com.openedge.pdt.platform 1 0 2022-06-15 13:45:52.883
!MESSAGE {Module: OEIDE, SubModule: com.openedge.pdt.platform.ProversionImpl} - No action was needed while validating the OpenEdge installation path: C:\DLC\12.5. 

!ENTRY com.openedge.pdt.platform 4 0 2022-06-15 13:45:55.013
!MESSAGE {Module: OEIDE, SubModule: com.openedge.core.util.DButil} - Unable to validate the OpenEdge installation path: C:\DLC\11.7.
!SESSION 2022-06-15 16:38:30.139 -----------------------------------------------
eclipse.buildId=4.13.0.I20190916-1045
java.version=11.0.8
java.vendor=AdoptOpenJDK
BootLoader constants: OS=win32, ARCH=x86_64, WS=win32, NL=en_US
Command-line arguments:  -os win32 -ws win32 -arch x86_64

!ENTRY org.eclipse.core.resources 2 10035 2022-06-15 16:38:33.787
!MESSAGE The workspace exited with unsaved changes in the previous session; refreshing workspace to recover changes.

!ENTRY com.openedge.pdt.platform 4 0 2022-06-15 16:38:42.356
!MESSAGE {Module: OEIDE, SubModule: com.openedge.pdt.platform.ProversionImpl} - Unable to validate the OpenEdge installation path: C:\DLC\11.7.

!ENTRY com.openedge.pdt.platform 1 0 2022-06-15 16:38:42.362
!MESSAGE {Module: OEIDE, SubModule: com.openedge.pdt.platform.ProversionImpl} - No action was needed while validating the OpenEdge installation path: C:\DLC\12.5. 

!ENTRY com.openedge.pdt.platform 4 0 2022-06-15 16:38:44.551
!MESSAGE {Module: OEIDE, SubModule: com.openedge.core.util.DButil} - Unable to validate the OpenEdge installation path: C:\DLC\11.7.

!ENTRY com.openedge.pdt.project 4 20001 2022-06-15 16:48:12.852
!MESSAGE Tooling processing for update file failed for /CoverYourAssets/Pile.cls. error closing traversal
!STACK 0
com.progress.openedge.dependencymodule.GraphException: error closing traversal
	at com.progress.openedge.dependencymodule.DependencyGraph.updateFile(DependencyGraph.java:592)
	at com.openedge.pdt.project.dm.DMGraphManager.updateFile(DMGraphManager.java:118)
	at com.openedge.pdt.project.codeinfo.CodeModelBuildManager$8.run(CodeModelBuildManager.java:648)
	at org.eclipse.core.internal.jobs.Worker.run(Worker.java:63)
Caused by: java.lang.RuntimeException: java.lang.RuntimeException: Couldn't generate file Vertex
	at com.progress.openedge.dependencymodule.generate.UpdatedFilesGenerator.generate(UpdatedFilesGenerator.java:98)
	at com.progress.openedge.dependencymodule.DependencyGraph.updateFile(DependencyGraph.java:586)
	... 3 more
Caused by: java.lang.RuntimeException: Couldn't generate file Vertex
	at com.progress.openedge.dependencymodule.generate.AddFilesGenerator.generate(AddFilesGenerator.java:88)
	at com.progress.openedge.dependencymodule.generate.UpdatedFilesGenerator.processUpdateForFile(UpdatedFilesGenerator.java:111)
	at com.progress.openedge.dependencymodule.generate.UpdatedFilesGenerator.generate(UpdatedFilesGenerator.java:91)
	... 4 more

!ENTRY com.openedge.pdt.project 4 20001 2022-06-15 16:48:23.093
!MESSAGE Tooling processing for update file failed for /TestCoverYourAssets/tests/testPile.cls. error closing traversal
!STACK 0
com.progress.openedge.dependencymodule.GraphException: error closing traversal
	at com.progress.openedge.dependencymodule.DependencyGraph.updateFile(DependencyGraph.java:592)
	at com.openedge.pdt.project.dm.DMGraphManager.updateFile(DMGraphManager.java:118)
	at com.openedge.pdt.project.codeinfo.CodeModelBuildManager$8.run(CodeModelBuildManager.java:648)
	at org.eclipse.core.internal.jobs.Worker.run(Worker.java:63)
Caused by: java.lang.RuntimeException: java.lang.RuntimeException: Couldn't generate file Vertex
	at com.progress.openedge.dependencymodule.generate.UpdatedFilesGenerator.generate(UpdatedFilesGenerator.java:98)
	at com.progress.openedge.dependencymodule.DependencyGraph.updateFile(DependencyGraph.java:586)
	... 3 more
Caused by: java.lang.RuntimeException: Couldn't generate file Vertex
	at com.progress.openedge.dependencymodule.generate.AddFilesGenerator.generate(AddFilesGenerator.java:88)
	at com.progress.openedge.dependencymodule.generate.UpdatedFilesGenerator.processUpdateForFile(UpdatedFilesGenerator.java:111)
	at com.progress.openedge.dependencymodule.generate.UpdatedFilesGenerator.generate(UpdatedFilesGenerator.java:91)
	... 4 more
!SESSION 2022-06-16 10:28:17.418 -----------------------------------------------
eclipse.buildId=4.13.0.I20190916-1045
java.version=11.0.8
java.vendor=AdoptOpenJDK
BootLoader constants: OS=win32, ARCH=x86_64, WS=win32, NL=en_US
Command-line arguments:  -os win32 -ws win32 -arch x86_64

!ENTRY com.openedge.pdt.platform 4 0 2022-06-16 10:28:37.146
!MESSAGE {Module: OEIDE, SubModule: com.openedge.pdt.platform.ProversionImpl} - Unable to validate the OpenEdge installation path: C:\DLC\11.7.

!ENTRY com.openedge.pdt.platform 1 0 2022-06-16 10:28:37.156
!MESSAGE {Module: OEIDE, SubModule: com.openedge.pdt.platform.ProversionImpl} - No action was needed while validating the OpenEdge installation path: C:\DLC\12.5. 

!ENTRY com.openedge.pdt.platform 4 0 2022-06-16 10:28:40.651
!MESSAGE {Module: OEIDE, SubModule: com.openedge.core.util.DButil} - Unable to validate the OpenEdge installation path: C:\DLC\11.7.
!SESSION 2022-06-16 14:31:53.508 -----------------------------------------------
eclipse.buildId=4.13.0.I20190916-1045
java.version=11.0.8
java.vendor=AdoptOpenJDK
BootLoader constants: OS=win32, ARCH=x86_64, WS=win32, NL=en_US
Command-line arguments:  -os win32 -ws win32 -arch x86_64

!ENTRY com.openedge.pdt.platform 4 0 2022-06-16 14:32:22.894
!MESSAGE {Module: OEIDE, SubModule: com.openedge.pdt.platform.ProversionImpl} - Unable to validate the OpenEdge installation path: C:\DLC\11.7.

!ENTRY com.openedge.pdt.platform 1 0 2022-06-16 14:32:22.905
!MESSAGE {Module: OEIDE, SubModule: com.openedge.pdt.platform.ProversionImpl} - No action was needed while validating the OpenEdge installation path: C:\DLC\12.5. 

!ENTRY com.openedge.pdt.platform 4 0 2022-06-16 14:32:29.568
!MESSAGE {Module: OEIDE, SubModule: com.openedge.core.util.DButil} - Unable to validate the OpenEdge installation path: C:\DLC\11.7.
!SESSION 2022-06-17 08:55:05.849 -----------------------------------------------
eclipse.buildId=4.13.0.I20190916-1045
java.version=11.0.8
java.vendor=AdoptOpenJDK
BootLoader constants: OS=win32, ARCH=x86_64, WS=win32, NL=en_US
Command-line arguments:  -os win32 -ws win32 -arch x86_64

!ENTRY com.openedge.pdt.platform 4 0 2022-06-17 08:57:02.289
!MESSAGE {Module: OEIDE, SubModule: com.openedge.pdt.platform.ProversionImpl} - Unable to validate the OpenEdge installation path: C:\DLC\11.7.

!ENTRY com.openedge.pdt.platform 1 0 2022-06-17 08:57:02.300
!MESSAGE {Module: OEIDE, SubModule: com.openedge.pdt.platform.ProversionImpl} - No action was needed while validating the OpenEdge installation path: C:\DLC\12.5. 

!ENTRY com.openedge.pdt.platform 4 0 2022-06-17 08:57:05.186
!MESSAGE {Module: OEIDE, SubModule: com.openedge.core.util.DButil} - Unable to validate the OpenEdge installation path: C:\DLC\11.7.
!SESSION 2022-06-17 10:21:04.542 -----------------------------------------------
eclipse.buildId=4.13.0.I20190916-1045
java.version=11.0.8
java.vendor=AdoptOpenJDK
BootLoader constants: OS=win32, ARCH=x86_64, WS=win32, NL=en_US
Command-line arguments:  -data C:\Users\zdelcoco\pdsoe_125_workspaces\cover_your_assets -os win32 -ws win32 -arch x86_64

!ENTRY com.openedge.pdt.platform 4 0 2022-06-17 10:21:10.608
!MESSAGE {Module: OEIDE, SubModule: com.openedge.pdt.platform.ProversionImpl} - Unable to validate the OpenEdge installation path: C:\DLC\11.7.

!ENTRY com.openedge.pdt.platform 1 0 2022-06-17 10:21:10.616
!MESSAGE {Module: OEIDE, SubModule: com.openedge.pdt.platform.ProversionImpl} - No action was needed while validating the OpenEdge installation path: C:\DLC\12.5. 

!ENTRY com.openedge.pdt.platform 4 0 2022-06-17 10:21:12.890
!MESSAGE {Module: OEIDE, SubModule: com.openedge.core.util.DButil} - Unable to validate the OpenEdge installation path: C:\DLC\11.7.
!SESSION 2022-06-17 12:43:39.870 -----------------------------------------------
eclipse.buildId=4.13.0.I20190916-1045
java.version=11.0.8
java.vendor=AdoptOpenJDK
BootLoader constants: OS=win32, ARCH=x86_64, WS=win32, NL=en_US
Command-line arguments:  -os win32 -ws win32 -arch x86_64

!ENTRY com.openedge.pdt.platform 4 0 2022-06-17 12:43:58.056
!MESSAGE {Module: OEIDE, SubModule: com.openedge.pdt.platform.ProversionImpl} - Unable to validate the OpenEdge installation path: C:\DLC\11.7.

!ENTRY com.openedge.pdt.platform 1 0 2022-06-17 12:43:58.068
!MESSAGE {Module: OEIDE, SubModule: com.openedge.pdt.platform.ProversionImpl} - No action was needed while validating the OpenEdge installation path: C:\DLC\12.5. 

!ENTRY com.openedge.pdt.platform 4 0 2022-06-17 12:44:01.004
!MESSAGE {Module: OEIDE, SubModule: com.openedge.core.util.DButil} - Unable to validate the OpenEdge installation path: C:\DLC\11.7.
!SESSION 2022-06-17 19:19:10.263 -----------------------------------------------
eclipse.buildId=4.13.0.I20190916-1045
java.version=11.0.8
java.vendor=AdoptOpenJDK
BootLoader constants: OS=win32, ARCH=x86_64, WS=win32, NL=en_US
Command-line arguments:  -data C:\Users\zdelcoco\pdsoe_125_workspaces\cover_your_assets -os win32 -ws win32 -arch x86_64

!ENTRY com.openedge.pdt.platform 4 0 2022-06-17 19:19:16.318
!MESSAGE {Module: OEIDE, SubModule: com.openedge.pdt.platform.ProversionImpl} - Unable to validate the OpenEdge installation path: C:\DLC\11.7.

!ENTRY com.openedge.pdt.platform 1 0 2022-06-17 19:19:16.329
!MESSAGE {Module: OEIDE, SubModule: com.openedge.pdt.platform.ProversionImpl} - No action was needed while validating the OpenEdge installation path: C:\DLC\12.5. 

!ENTRY com.openedge.pdt.platform 4 0 2022-06-17 19:19:18.558
!MESSAGE {Module: OEIDE, SubModule: com.openedge.core.util.DButil} - Unable to validate the OpenEdge installation path: C:\DLC\11.7.

!ENTRY com.openedge.pdt.project 4 20001 2022-06-17 19:19:21.740
!MESSAGE An internal error occurred
!STACK 0
com.openedge.core.reflect.RCodeReadException: Compiler version was 1202 expected 1200
	at com.openedge.core.reflect.v12.RCodeHeaderV12.checkVersion(RCodeHeaderV12.java:97)
	at com.openedge.core.reflect.v12.RCodeHeaderV12.read(RCodeHeaderV12.java:58)
	at com.openedge.core.reflect.RCodeHeader.<init>(RCodeHeader.java:61)
	at com.openedge.core.reflect.v11.RCodeHeaderV11.<init>(RCodeHeaderV11.java:30)
	at com.openedge.core.reflect.v12.RCodeHeaderV12.<init>(RCodeHeaderV12.java:34)
	at com.openedge.core.reflect.RCodeObject.readHeader(RCodeObject.java:339)
	at com.openedge.core.reflect.RCodeObject.openFile(RCodeObject.java:82)
	at com.openedge.core.reflect.RCodeObject.<init>(RCodeObject.java:103)
	at com.openedge.pdt.project.builder.BuildState.getMostRecentSourceDate(BuildState.java:183)
	at com.openedge.pdt.project.builder.BuildState.hasChangedSinceCompile(BuildState.java:254)
	at com.openedge.pdt.project.builder.CompileUnit.isCompilationRequired(CompileUnit.java:502)
	at com.openedge.pdt.project.builder.OEBuilder.processChangedResource(OEBuilder.java:448)
	at com.openedge.pdt.project.builder.OEBuilder.processChangedResources(OEBuilder.java:386)
	at com.openedge.pdt.project.builder.OEBuilder.processBuildState(OEBuilder.java:362)
	at com.openedge.pdt.project.builder.OEBuilder.buildFull(OEBuilder.java:250)
	at com.openedge.pdt.project.builder.OEBuilder.build(OEBuilder.java:125)
	at org.eclipse.core.internal.events.BuildManager$2.run(BuildManager.java:833)
	at org.eclipse.core.runtime.SafeRunner.run(SafeRunner.java:45)
	at org.eclipse.core.internal.events.BuildManager.basicBuild(BuildManager.java:220)
	at org.eclipse.core.internal.events.BuildManager.basicBuild(BuildManager.java:263)
	at org.eclipse.core.internal.events.BuildManager$1.run(BuildManager.java:316)
	at org.eclipse.core.runtime.SafeRunner.run(SafeRunner.java:45)
	at org.eclipse.core.internal.events.BuildManager.basicBuild(BuildManager.java:319)
	at org.eclipse.core.internal.events.BuildManager.basicBuildLoop(BuildManager.java:371)
	at org.eclipse.core.internal.events.BuildManager.build(BuildManager.java:392)
	at org.eclipse.core.internal.events.AutoBuildJob.doBuild(AutoBuildJob.java:154)
	at org.eclipse.core.internal.events.AutoBuildJob.run(AutoBuildJob.java:244)
	at org.eclipse.core.internal.jobs.Worker.run(Worker.java:63)

!ENTRY com.openedge.pdt.project 4 20001 2022-06-17 19:19:21.773
!MESSAGE An internal error occurred
!STACK 0
com.openedge.core.reflect.RCodeReadException: Compiler version was 1202 expected 1200
	at com.openedge.core.reflect.v12.RCodeHeaderV12.checkVersion(RCodeHeaderV12.java:97)
	at com.openedge.core.reflect.v12.RCodeHeaderV12.read(RCodeHeaderV12.java:58)
	at com.openedge.core.reflect.RCodeHeader.<init>(RCodeHeader.java:61)
	at com.openedge.core.reflect.v11.RCodeHeaderV11.<init>(RCodeHeaderV11.java:30)
	at com.openedge.core.reflect.v12.RCodeHeaderV12.<init>(RCodeHeaderV12.java:34)
	at com.openedge.core.reflect.RCodeObject.readHeader(RCodeObject.java:339)
	at com.openedge.core.reflect.RCodeObject.openFile(RCodeObject.java:82)
	at com.openedge.core.reflect.RCodeObject.<init>(RCodeObject.java:103)
	at com.openedge.pdt.project.builder.BuildState.getMostRecentSourceDate(BuildState.java:183)
	at com.openedge.pdt.project.builder.BuildState.hasChangedSinceCompile(BuildState.java:254)
	at com.openedge.pdt.project.builder.CompileUnit.isCompilationRequired(CompileUnit.java:502)
	at com.openedge.pdt.project.builder.OEBuilder.processChangedResource(OEBuilder.java:448)
	at com.openedge.pdt.project.builder.OEBuilder.processChangedResource(OEBuilder.java:485)
	at com.openedge.pdt.project.builder.OEBuilder.processChangedResources(OEBuilder.java:386)
	at com.openedge.pdt.project.builder.OEBuilder.processBuildState(OEBuilder.java:362)
	at com.openedge.pdt.project.builder.OEBuilder.buildFull(OEBuilder.java:250)
	at com.openedge.pdt.project.builder.OEBuilder.build(OEBuilder.java:125)
	at org.eclipse.core.internal.events.BuildManager$2.run(BuildManager.java:833)
	at org.eclipse.core.runtime.SafeRunner.run(SafeRunner.java:45)
	at org.eclipse.core.internal.events.BuildManager.basicBuild(BuildManager.java:220)
	at org.eclipse.core.internal.events.BuildManager.basicBuild(BuildManager.java:263)
	at org.eclipse.core.internal.events.BuildManager$1.run(BuildManager.java:316)
	at org.eclipse.core.runtime.SafeRunner.run(SafeRunner.java:45)
	at org.eclipse.core.internal.events.BuildManager.basicBuild(BuildManager.java:319)
	at org.eclipse.core.internal.events.BuildManager.basicBuildLoop(BuildManager.java:371)
	at org.eclipse.core.internal.events.BuildManager.build(BuildManager.java:392)
	at org.eclipse.core.internal.events.AutoBuildJob.doBuild(AutoBuildJob.java:154)
	at org.eclipse.core.internal.events.AutoBuildJob.run(AutoBuildJob.java:244)
	at org.eclipse.core.internal.jobs.Worker.run(Worker.java:63)
!SESSION 2022-06-18 09:01:07.476 -----------------------------------------------
eclipse.buildId=4.13.0.I20190916-1045
java.version=11.0.8
java.vendor=AdoptOpenJDK
BootLoader constants: OS=win32, ARCH=x86_64, WS=win32, NL=en_US
Command-line arguments:  -os win32 -ws win32 -arch x86_64

!ENTRY com.openedge.pdt.platform 4 0 2022-06-18 09:01:27.246
!MESSAGE {Module: OEIDE, SubModule: com.openedge.pdt.platform.ProversionImpl} - Unable to validate the OpenEdge installation path: C:\DLC\11.7.

!ENTRY com.openedge.pdt.platform 1 0 2022-06-18 09:01:27.259
!MESSAGE {Module: OEIDE, SubModule: com.openedge.pdt.platform.ProversionImpl} - No action was needed while validating the OpenEdge installation path: C:\DLC\12.5. 

!ENTRY com.openedge.pdt.platform 4 0 2022-06-18 09:01:32.562
!MESSAGE {Module: OEIDE, SubModule: com.openedge.core.util.DButil} - Unable to validate the OpenEdge installation path: C:\DLC\11.7.
